<?xml version="1.0" encoding="UTF-8"?>
<!-- Generated by org.testng.reporters.JUnitXMLReporter -->
<testsuite ignored="0" hostname="SAHIL" failures="0" tests="4" name="API Tests" time="6.328" errors="0" timestamp="2025-11-27T12:08:35 IST">
  <testcase classname="com.transflower.tflassessment.ResultAPITest" name="GetAllQuestions" time="5.697"/>
  <testcase classname="com.transflower.tflassessment.ResultAPITest" name="GetCandidateResultDetails" time="0.166"/>
  <testcase classname="com.transflower.tflassessment.ResultAPITest" name="SetCandidateTestEndTime" time="0.185"/>
  <testcase classname="com.transflower.tflassessment.ResultAPITest" name="SetCandidateTestStartTime" time="0.195"/>
</testsuite> <!-- API Tests -->
