<?xml version="1.0" encoding="UTF-8"?>
<testng-results ignored="0" total="1" passed="1" failed="0" skipped="0">
  <reporter-output>
  </reporter-output>
  <suite started-at="2025-11-27T12:48:33 IST" name="TFL Assessment Suite" finished-at="2025-11-27T12:48:34 IST" duration-ms="1305">
    <groups>
    </groups>
    <test started-at="2025-11-27T12:48:33 IST" name="API Tests" finished-at="2025-11-27T12:48:34 IST" duration-ms="1305">
      <class name="com.transflower.tflassessment.ResultAPITest">
        <test-method signature="GetSubjectResultDetails()[pri:0, instance:com.transflower.tflassessment.ResultAPITest@5b367418]" started-at="2025-11-27T12:48:33 IST" name="GetSubjectResultDetails" finished-at="2025-11-27T12:48:34 IST" duration-ms="1275" status="PASS">
          <reporter-output>
          </reporter-output>
        </test-method> <!-- GetSubjectResultDetails -->
      </class> <!-- com.transflower.tflassessment.ResultAPITest -->
    </test> <!-- API Tests -->
  </suite> <!-- TFL Assessment Suite -->
</testng-results>
