<?xml version="1.0" encoding="UTF-8"?>
<!-- Generated by org.testng.reporters.JUnitReportReporter -->
<testsuite hostname="SAHIL" failures="0" tests="14" name="com.transflower.tflassessment.ResultAPITest" time="9.231" errors="0" timestamp="2025-11-27T14:30:54 IST" skipped="0">
  <testcase classname="com.transflower.tflassessment.ResultAPITest" name="GetTestAverageReport" time="0.121"/>
  <testcase classname="com.transflower.tflassessment.ResultAPITest" name="GetTestList" time="0.082"/>
  <testcase classname="com.transflower.tflassessment.ResultAPITest" name="GetTestResultDetail" time="0.129"/>
  <testcase classname="com.transflower.tflassessment.ResultAPITest" name="GetCandidateScore" time="0.034"/>
  <testcase classname="com.transflower.tflassessment.ResultAPITest" name="SetCandidateTestEndTime" time="0.120"/>
  <testcase classname="com.transflower.tflassessment.ResultAPITest" name="GetAllQuestions" time="2.891"/>
  <testcase classname="com.transflower.tflassessment.ResultAPITest" name="GetCandidateResultDetails" time="0.126"/>
  <testcase classname="com.transflower.tflassessment.ResultAPITest" name="GetCandidateAllScore" time="0.081"/>
  <testcase classname="com.transflower.tflassessment.ResultAPITest" name="GetAppearedCandidates" time="0.133"/>
  <testcase classname="com.transflower.tflassessment.ResultAPITest" name="GetPassedCandidate" time="0.146"/>
  <testcase classname="com.transflower.tflassessment.ResultAPITest" name="GetFailedCandidate" time="0.129"/>
  <testcase classname="com.transflower.tflassessment.ResultAPITest" name="SetPassingLevel" time="5.076"/>
  <testcase classname="com.transflower.tflassessment.ResultAPITest" name="SetCandidateTestStartTime" time="0.040"/>
  <testcase classname="com.transflower.tflassessment.ResultAPITest" name="GetSubjectResultDetails" time="0.123"/>
</testsuite> <!-- com.transflower.tflassessment.ResultAPITest -->
