<?xml version="1.0" encoding="UTF-8"?>
<!-- Generated by org.testng.reporters.JUnitReportReporter -->
<testsuite hostname="SAHIL" failures="0" tests="4" name="com.transflower.tflassessment.ResultAPITest" time="6.243" errors="0" timestamp="2025-11-27T12:08:36 IST" skipped="0">
  <testcase classname="com.transflower.tflassessment.ResultAPITest" name="GetAllQuestions" time="5.697"/>
  <testcase classname="com.transflower.tflassessment.ResultAPITest" name="GetCandidateResultDetails" time="0.166"/>
  <testcase classname="com.transflower.tflassessment.ResultAPITest" name="SetCandidateTestEndTime" time="0.185"/>
  <testcase classname="com.transflower.tflassessment.ResultAPITest" name="SetCandidateTestStartTime" time="0.195"/>
</testsuite> <!-- com.transflower.tflassessment.ResultAPITest -->
